This file contains any messages produced by compilers while
running configure, to aid debugging if configure makes a mistake.

It was created by Check configure 0.9.8, which was
generated by GNU Autoconf 2.63.  Invocation command line was

  $ ./configure 

## --------- ##
## Platform. ##
## --------- ##

hostname = lucid64
uname -m = x86_64
uname -r = 2.6.32-33-server
uname -s = Linux
uname -v = #70-Ubuntu SMP Thu Jul 7 22:28:30 UTC 2011

/usr/bin/uname -p = unknown
/bin/uname -X     = unknown

/bin/arch              = unknown
/usr/bin/arch -k       = unknown
/usr/convex/getsysinfo = unknown
/usr/bin/hostinfo      = unknown
/bin/machine           = unknown
/usr/bin/oslevel       = unknown
/bin/universe          = unknown

PATH: /usr/local/sbin
PATH: /usr/local/bin
PATH: /usr/sbin
PATH: /usr/bin
PATH: /sbin
PATH: /bin
PATH: /usr/games
PATH: /opt/ruby/bin/


## ----------- ##
## Core tests. ##
## ----------- ##

configure:2143: checking for gcc
configure:2159: found /usr/bin/gcc
configure:2170: result: gcc
configure:2402: checking for C compiler version
configure:2410: gcc --version >&5
gcc (Ubuntu 4.4.3-4ubuntu5) 4.4.3
Copyright (C) 2009 Free Software Foundation, Inc.
This is free software; see the source for copying conditions.  There is NO
warranty; not even for MERCHANTABILITY or FITNESS FOR A PARTICULAR PURPOSE.

configure:2414: $? = 0
configure:2421: gcc -v >&5
Using built-in specs.
Target: x86_64-linux-gnu
Configured with: ../src/configure -v --with-pkgversion='Ubuntu 4.4.3-4ubuntu5' --with-bugurl=file:///usr/share/doc/gcc-4.4/README.Bugs --enable-languages=c,c++,fortran,objc,obj-c++ --prefix=/usr --enable-shared --enable-multiarch --enable-linker-build-id --with-system-zlib --libexecdir=/usr/lib --without-included-gettext --enable-threads=posix --with-gxx-include-dir=/usr/include/c++/4.4 --program-suffix=-4.4 --enable-nls --enable-clocale=gnu --enable-libstdcxx-debug --enable-plugin --enable-objc-gc --disable-werror --with-arch-32=i486 --with-tune=generic --enable-checking=release --build=x86_64-linux-gnu --host=x86_64-linux-gnu --target=x86_64-linux-gnu
Thread model: posix
gcc version 4.4.3 (Ubuntu 4.4.3-4ubuntu5) 
configure:2425: $? = 0
configure:2432: gcc -V >&5
gcc: '-V' option must have argument
configure:2436: $? = 1
configure:2459: checking for C compiler default output file name
configure:2481: gcc    conftest.c  >&5
configure:2485: $? = 0
configure:2523: result: a.out
configure:2542: checking whether the C compiler works
configure:2552: ./a.out
configure:2556: $? = 0
configure:2575: result: yes
configure:2582: checking whether we are cross compiling
configure:2584: result: no
configure:2587: checking for suffix of executables
configure:2594: gcc -o conftest    conftest.c  >&5
configure:2598: $? = 0
configure:2624: result: 
configure:2630: checking for suffix of object files
configure:2656: gcc -c   conftest.c >&5
configure:2660: $? = 0
configure:2685: result: o
configure:2689: checking whether we are using the GNU C compiler
configure:2718: gcc -c   conftest.c >&5
configure:2725: $? = 0
configure:2742: result: yes
configure:2751: checking whether gcc accepts -g
configure:2781: gcc -c -g  conftest.c >&5
configure:2788: $? = 0
configure:2889: result: yes
configure:2906: checking for gcc option to accept ISO C89
configure:2980: gcc  -c -g -O2  conftest.c >&5
configure:2987: $? = 0
configure:3010: result: none needed
configure:3034: checking how to run the C preprocessor
configure:3074: gcc -E  conftest.c
configure:3081: $? = 0
configure:3112: gcc -E  conftest.c
conftest.c:8:28: error: ac_nonexistent.h: No such file or directory
configure:3119: $? = 1
configure: failed program was:
| /* confdefs.h.  */
| #define PACKAGE_NAME "Check"
| #define PACKAGE_TARNAME "check"
| #define PACKAGE_VERSION "0.9.8"
| #define PACKAGE_STRING "Check 0.9.8"
| #define PACKAGE_BUGREPORT "check-devel at lists dot sourceforge dot net"
| /* end confdefs.h.  */
| #include <ac_nonexistent.h>
configure:3152: result: gcc -E
configure:3181: gcc -E  conftest.c
configure:3188: $? = 0
configure:3219: gcc -E  conftest.c
conftest.c:8:28: error: ac_nonexistent.h: No such file or directory
configure:3226: $? = 1
configure: failed program was:
| /* confdefs.h.  */
| #define PACKAGE_NAME "Check"
| #define PACKAGE_TARNAME "check"
| #define PACKAGE_VERSION "0.9.8"
| #define PACKAGE_STRING "Check 0.9.8"
| #define PACKAGE_BUGREPORT "check-devel at lists dot sourceforge dot net"
| /* end confdefs.h.  */
| #include <ac_nonexistent.h>
configure:3266: checking for grep that handles long lines and -e
configure:3326: result: /bin/grep
configure:3331: checking for egrep
configure:3395: result: /bin/grep -E
configure:3400: checking for ANSI C header files
configure:3430: gcc -c -g -O2  conftest.c >&5
configure:3437: $? = 0
configure:3536: gcc -o conftest -g -O2   conftest.c  >&5
configure:3540: $? = 0
configure:3546: ./conftest
configure:3550: $? = 0
configure:3568: result: yes
configure:3592: checking for sys/types.h
configure:3613: gcc -c -g -O2  conftest.c >&5
configure:3620: $? = 0
configure:3637: result: yes
configure:3592: checking for sys/stat.h
configure:3613: gcc -c -g -O2  conftest.c >&5
configure:3620: $? = 0
configure:3637: result: yes
configure:3592: checking for stdlib.h
configure:3613: gcc -c -g -O2  conftest.c >&5
configure:3620: $? = 0
configure:3637: result: yes
configure:3592: checking for string.h
configure:3613: gcc -c -g -O2  conftest.c >&5
configure:3620: $? = 0
configure:3637: result: yes
configure:3592: checking for memory.h
configure:3613: gcc -c -g -O2  conftest.c >&5
configure:3620: $? = 0
configure:3637: result: yes
configure:3592: checking for strings.h
configure:3613: gcc -c -g -O2  conftest.c >&5
configure:3620: $? = 0
configure:3637: result: yes
configure:3592: checking for inttypes.h
configure:3613: gcc -c -g -O2  conftest.c >&5
configure:3620: $? = 0
configure:3637: result: yes
configure:3592: checking for stdint.h
configure:3613: gcc -c -g -O2  conftest.c >&5
configure:3620: $? = 0
configure:3637: result: yes
configure:3592: checking for unistd.h
configure:3613: gcc -c -g -O2  conftest.c >&5
configure:3620: $? = 0
configure:3637: result: yes
configure:3662: checking minix/config.h usability
configure:3679: gcc -c -g -O2  conftest.c >&5
conftest.c:51:26: error: minix/config.h: No such file or directory
configure:3686: $? = 1
configure: failed program was:
| /* confdefs.h.  */
| #define PACKAGE_NAME "Check"
| #define PACKAGE_TARNAME "check"
| #define PACKAGE_VERSION "0.9.8"
| #define PACKAGE_STRING "Check 0.9.8"
| #define PACKAGE_BUGREPORT "check-devel at lists dot sourceforge dot net"
| #define STDC_HEADERS 1
| #define HAVE_SYS_TYPES_H 1
| #define HAVE_SYS_STAT_H 1
| #define HAVE_STDLIB_H 1
| #define HAVE_STRING_H 1
| #define HAVE_MEMORY_H 1
| #define HAVE_STRINGS_H 1
| #define HAVE_INTTYPES_H 1
| #define HAVE_STDINT_H 1
| #define HAVE_UNISTD_H 1
| /* end confdefs.h.  */
| #include <stdio.h>
| #ifdef HAVE_SYS_TYPES_H
| # include <sys/types.h>
| #endif
| #ifdef HAVE_SYS_STAT_H
| # include <sys/stat.h>
| #endif
| #ifdef STDC_HEADERS
| # include <stdlib.h>
| # include <stddef.h>
| #else
| # ifdef HAVE_STDLIB_H
| #  include <stdlib.h>
| # endif
| #endif
| #ifdef HAVE_STRING_H
| # if !defined STDC_HEADERS && defined HAVE_MEMORY_H
| #  include <memory.h>
| # endif
| # include <string.h>
| #endif
| #ifdef HAVE_STRINGS_H
| # include <strings.h>
| #endif
| #ifdef HAVE_INTTYPES_H
| # include <inttypes.h>
| #endif
| #ifdef HAVE_STDINT_H
| # include <stdint.h>
| #endif
| #ifdef HAVE_UNISTD_H
| # include <unistd.h>
| #endif
| #include <minix/config.h>
configure:3700: result: no
configure:3704: checking minix/config.h presence
configure:3719: gcc -E  conftest.c
conftest.c:18:26: error: minix/config.h: No such file or directory
configure:3726: $? = 1
configure: failed program was:
| /* confdefs.h.  */
| #define PACKAGE_NAME "Check"
| #define PACKAGE_TARNAME "check"
| #define PACKAGE_VERSION "0.9.8"
| #define PACKAGE_STRING "Check 0.9.8"
| #define PACKAGE_BUGREPORT "check-devel at lists dot sourceforge dot net"
| #define STDC_HEADERS 1
| #define HAVE_SYS_TYPES_H 1
| #define HAVE_SYS_STAT_H 1
| #define HAVE_STDLIB_H 1
| #define HAVE_STRING_H 1
| #define HAVE_MEMORY_H 1
| #define HAVE_STRINGS_H 1
| #define HAVE_INTTYPES_H 1
| #define HAVE_STDINT_H 1
| #define HAVE_UNISTD_H 1
| /* end confdefs.h.  */
| #include <minix/config.h>
configure:3740: result: no
configure:3773: checking for minix/config.h
configure:3780: result: no
configure:3811: checking whether it is safe to define __EXTENSIONS__
configure:3839: gcc -c -g -O2  conftest.c >&5
configure:3846: $? = 0
configure:3861: result: yes
configure:3903: checking for a BSD-compatible install
configure:3971: result: /usr/bin/install -c
configure:3982: checking whether build environment is sane
configure:4025: result: yes
configure:4050: checking for a thread-safe mkdir -p
configure:4089: result: /bin/mkdir -p
configure:4102: checking for gawk
configure:4132: result: no
configure:4102: checking for mawk
configure:4118: found /usr/bin/mawk
configure:4129: result: mawk
configure:4140: checking whether make sets $(MAKE)
configure:4162: result: yes
configure:4192: checking for style of include used by make
configure:4220: result: GNU
configure:4409: checking dependency style of gcc
configure:4500: result: gcc3
configure:4615: checking for gawk
configure:4642: result: mawk
configure:4701: checking for gcc
configure:4728: result: gcc
configure:4960: checking for C compiler version
configure:4968: gcc --version >&5
gcc (Ubuntu 4.4.3-4ubuntu5) 4.4.3
Copyright (C) 2009 Free Software Foundation, Inc.
This is free software; see the source for copying conditions.  There is NO
warranty; not even for MERCHANTABILITY or FITNESS FOR A PARTICULAR PURPOSE.

configure:4972: $? = 0
configure:4979: gcc -v >&5
Using built-in specs.
Target: x86_64-linux-gnu
Configured with: ../src/configure -v --with-pkgversion='Ubuntu 4.4.3-4ubuntu5' --with-bugurl=file:///usr/share/doc/gcc-4.4/README.Bugs --enable-languages=c,c++,fortran,objc,obj-c++ --prefix=/usr --enable-shared --enable-multiarch --enable-linker-build-id --with-system-zlib --libexecdir=/usr/lib --without-included-gettext --enable-threads=posix --with-gxx-include-dir=/usr/include/c++/4.4 --program-suffix=-4.4 --enable-nls --enable-clocale=gnu --enable-libstdcxx-debug --enable-plugin --enable-objc-gc --disable-werror --with-arch-32=i486 --with-tune=generic --enable-checking=release --build=x86_64-linux-gnu --host=x86_64-linux-gnu --target=x86_64-linux-gnu
Thread model: posix
gcc version 4.4.3 (Ubuntu 4.4.3-4ubuntu5) 
configure:4983: $? = 0
configure:4990: gcc -V >&5
gcc: '-V' option must have argument
configure:4994: $? = 1
configure:4997: checking whether we are using the GNU C compiler
configure:5050: result: yes
configure:5059: checking whether gcc accepts -g
configure:5197: result: yes
configure:5214: checking for gcc option to accept ISO C89
configure:5318: result: none needed
configure:5338: checking whether gcc and cc understand -c and -o together
configure:5373: gcc -c conftest.c -o conftest2.o >&5
configure:5377: $? = 0
configure:5383: gcc -c conftest.c -o conftest2.o >&5
configure:5387: $? = 0
configure:5398: cc -c conftest.c >&5
configure:5402: $? = 0
configure:5410: cc -c conftest.c -o conftest2.o >&5
configure:5414: $? = 0
configure:5420: cc -c conftest.c -o conftest2.o >&5
configure:5424: $? = 0
configure:5442: result: yes
configure:5483: checking for a BSD-compatible install
configure:5551: result: /usr/bin/install -c
configure:5562: checking whether ln -s works
configure:5566: result: yes
configure:5604: checking build system type
configure:5622: result: x86_64-unknown-linux-gnu
configure:5644: checking host system type
configure:5659: result: x86_64-unknown-linux-gnu
configure:5681: checking for a sed that does not truncate output
configure:5747: result: /bin/sed
configure:5765: checking for fgrep
configure:5829: result: /bin/grep -F
configure:5864: checking for ld used by gcc
configure:5931: result: /usr/bin/ld
configure:5940: checking if the linker (/usr/bin/ld) is GNU ld
configure:5955: result: yes
configure:5967: checking for BSD- or MS-compatible name lister (nm)
configure:6016: result: /usr/bin/nm -B
configure:6134: checking the name lister (/usr/bin/nm -B) interface
configure:6141: gcc -c -g -O2  conftest.c >&5
configure:6144: /usr/bin/nm -B "conftest.o"
configure:6147: output
0000000000000000 B some_variable
configure:6154: result: BSD nm
configure:6158: checking the maximum length of command line arguments
configure:6278: result: 1572864
configure:6295: checking whether the shell understands some XSI constructs
configure:6305: result: yes
configure:6309: checking whether the shell understands "+="
configure:6315: result: yes
configure:6350: checking for /usr/bin/ld option to reload object files
configure:6357: result: -r
configure:6426: checking for objdump
configure:6442: found /usr/bin/objdump
configure:6453: result: objdump
configure:6485: checking how to recognize dependent libraries
configure:6681: result: pass_all
configure:6741: checking for ar
configure:6757: found /usr/bin/ar
configure:6768: result: ar
configure:6846: checking for strip
configure:6862: found /usr/bin/strip
configure:6873: result: strip
configure:6945: checking for ranlib
configure:6961: found /usr/bin/ranlib
configure:6972: result: ranlib
configure:7062: checking command to parse /usr/bin/nm -B output from gcc object
configure:7180: gcc -c -g -O2  conftest.c >&5
configure:7183: $? = 0
configure:7187: /usr/bin/nm -B conftest.o \| sed -n -e 's/^.*[	 ]\([ABCDGIRSTW][ABCDGIRSTW]*\)[	 ][	 ]*\([_A-Za-z][_A-Za-z0-9]*\)$/\1 \2 \2/p' \> conftest.nm
configure:7190: $? = 0
configure:7244: gcc -o conftest -g -O2   conftest.c conftstm.o >&5
configure:7247: $? = 0
configure:7285: result: ok
configure:7380: gcc -c -g -O2  conftest.c >&5
configure:7383: $? = 0
configure:8150: checking for dlfcn.h
configure:8171: gcc -c -g -O2  conftest.c >&5
configure:8178: $? = 0
configure:8195: result: yes
configure:8381: checking for objdir
configure:8396: result: .libs
configure:8692: checking if gcc supports -fno-rtti -fno-exceptions
configure:8710: gcc -c -g -O2  -fno-rtti -fno-exceptions conftest.c >&5
cc1: warning: command line option "-fno-rtti" is valid for C++/ObjC++ but not for C
configure:8714: $? = 0
configure:8727: result: no
configure:8747: checking for gcc option to produce PIC
configure:9019: result: -fPIC -DPIC
configure:9031: checking if gcc PIC flag -fPIC -DPIC works
configure:9049: gcc -c -g -O2  -fPIC -DPIC -DPIC conftest.c >&5
configure:9053: $? = 0
configure:9066: result: yes
configure:9090: checking if gcc static flag -static works
configure:9118: result: yes
configure:9133: checking if gcc supports -c -o file.o
configure:9154: gcc -c -g -O2  -o out/conftest2.o conftest.c >&5
configure:9158: $? = 0
configure:9180: result: yes
configure:9188: checking if gcc supports -c -o file.o
configure:9235: result: yes
configure:9268: checking whether the gcc linker (/usr/bin/ld -m elf_x86_64) supports shared libraries
configure:10343: result: yes
configure:10380: checking whether -lc should be explicitly linked in
configure:10385: gcc -c -g -O2  conftest.c >&5
configure:10388: $? = 0
configure:10403: gcc -shared conftest.o  -v -Wl,-soname -Wl,conftest -o conftest 2\>\&1 \| /bin/grep  -lc  \>/dev/null 2\>\&1
configure:10406: $? = 0
configure:10418: result: no
configure:10582: checking dynamic linker characteristics
configure:11025: gcc -o conftest -g -O2   -Wl,-rpath -Wl,/foo conftest.c  >&5
configure:11032: $? = 0
configure:11277: result: GNU/Linux ld.so
configure:11379: checking how to hardcode library paths into programs
configure:11404: result: immediate
configure:12237: checking whether stripping libraries is possible
configure:12242: result: yes
configure:12277: checking if libtool supports shared libraries
configure:12279: result: yes
configure:12282: checking whether to build shared libraries
configure:12303: result: yes
configure:12306: checking whether to build static libraries
configure:12310: result: yes
configure:12348: checking CFLAGS for maximum ansi warnings
configure:12390: gcc -c -g -O2 -pedantic  -Wall -ansi -pedantic  conftest.c >&5
configure:12397: $? = 0
configure:12421: result: -Wall -ansi -pedantic
configure:12434: : CFLAGS="$CFLAGS $ac_cv_cflags_warn_all_ansi"
configure:12437: $? = 0
configure:12451: checking whether the C compiler accepts the -Wextra flag
configure:12490: gcc -c -g -O2 -Wall -ansi -pedantic -Wextra  conftest.c >&5
configure:12497: $? = 0
configure:12529: result: yes
configure:12552: checking whether the C compiler accepts the -Wstrict-prototypes flag
configure:12591: gcc -c -g -O2 -Wall -ansi -pedantic -Wextra -Wstrict-prototypes  conftest.c >&5
conftest.c:31: warning: function declaration isn't a prototype
configure:12598: $? = 0
configure:12630: result: yes
configure:12653: checking whether the C compiler accepts the -Wmissing-prototypes flag
configure:12692: gcc -c -g -O2 -Wall -ansi -pedantic -Wextra -Wstrict-prototypes -Wmissing-prototypes  conftest.c >&5
conftest.c:31: warning: function declaration isn't a prototype
configure:12699: $? = 0
configure:12731: result: yes
configure:12754: checking whether the C compiler accepts the -Wwrite-strings flag
configure:12793: gcc -c -g -O2 -Wall -ansi -pedantic -Wextra -Wstrict-prototypes -Wmissing-prototypes -Wwrite-strings  conftest.c >&5
conftest.c:31: warning: function declaration isn't a prototype
configure:12800: $? = 0
configure:12832: result: yes
configure:12855: checking whether the C compiler accepts the -Wno-variadic-macros flag
configure:12894: gcc -c -g -O2 -Wall -ansi -pedantic -Wextra -Wstrict-prototypes -Wmissing-prototypes -Wwrite-strings -Wno-variadic-macros  conftest.c >&5
conftest.c:31: warning: function declaration isn't a prototype
configure:12901: $? = 0
configure:12933: result: yes
configure:12954: checking for gcov
configure:12970: found /usr/bin/gcov
configure:12981: result: gcov
configure:12997: checking for lcov
configure:13027: result: no
configure:13040: checking for genhtml
configure:13070: result: no
configure:13083: checking for tex
configure:13113: result: no
configure:13126: WARNING: tex not installed: cannot rebuild HTML documentation.
configure:13133: checking for ANSI C header files
configure:13301: result: yes
configure:13311: checking for sys/wait.h that is POSIX.1 compatible
configure:13347: gcc -c -g -O2 -Wall -ansi -pedantic -Wextra -Wstrict-prototypes -Wmissing-prototypes -Wwrite-strings -Wno-variadic-macros  conftest.c >&5
conftest.c:39: warning: function declaration isn't a prototype
configure:13354: $? = 0
configure:13369: result: yes
configure:13401: checking fcntl.h usability
configure:13418: gcc -c -g -O2 -Wall -ansi -pedantic -Wextra -Wstrict-prototypes -Wmissing-prototypes -Wwrite-strings -Wno-variadic-macros  conftest.c >&5
configure:13425: $? = 0
configure:13439: result: yes
configure:13443: checking fcntl.h presence
configure:13458: gcc -E  conftest.c
configure:13465: $? = 0
configure:13479: result: yes
configure:13512: checking for fcntl.h
configure:13521: result: yes
configure:13401: checking stddef.h usability
configure:13418: gcc -c -g -O2 -Wall -ansi -pedantic -Wextra -Wstrict-prototypes -Wmissing-prototypes -Wwrite-strings -Wno-variadic-macros  conftest.c >&5
configure:13425: $? = 0
configure:13439: result: yes
configure:13443: checking stddef.h presence
configure:13458: gcc -E  conftest.c
configure:13465: $? = 0
configure:13479: result: yes
configure:13512: checking for stddef.h
configure:13521: result: yes
configure:13390: checking for stdint.h
configure:13397: result: yes
configure:13390: checking for stdlib.h
configure:13397: result: yes
configure:13390: checking for string.h
configure:13397: result: yes
configure:13401: checking sys/time.h usability
configure:13418: gcc -c -g -O2 -Wall -ansi -pedantic -Wextra -Wstrict-prototypes -Wmissing-prototypes -Wwrite-strings -Wno-variadic-macros  conftest.c >&5
configure:13425: $? = 0
configure:13439: result: yes
configure:13443: checking sys/time.h presence
configure:13458: gcc -E  conftest.c
configure:13465: $? = 0
configure:13479: result: yes
configure:13512: checking for sys/time.h
configure:13521: result: yes
configure:13390: checking for unistd.h
configure:13397: result: yes
configure:13539: checking for subunit_test_start in -lsubunit
configure:13574: gcc -o conftest -g -O2 -Wall -ansi -pedantic -Wextra -Wstrict-prototypes -Wmissing-prototypes -Wwrite-strings -Wno-variadic-macros   conftest.c -lsubunit   >&5
conftest.c:43: warning: function declaration isn't a prototype
conftest.c:46: warning: function declaration isn't a prototype
/usr/bin/ld: cannot find -lsubunit
collect2: ld returned 1 exit status
configure:13581: $? = 1
configure: failed program was:
| /* confdefs.h.  */
| #define PACKAGE_NAME "Check"
| #define PACKAGE_TARNAME "check"
| #define PACKAGE_VERSION "0.9.8"
| #define PACKAGE_STRING "Check 0.9.8"
| #define PACKAGE_BUGREPORT "check-devel at lists dot sourceforge dot net"
| #define STDC_HEADERS 1
| #define HAVE_SYS_TYPES_H 1
| #define HAVE_SYS_STAT_H 1
| #define HAVE_STDLIB_H 1
| #define HAVE_STRING_H 1
| #define HAVE_MEMORY_H 1
| #define HAVE_STRINGS_H 1
| #define HAVE_INTTYPES_H 1
| #define HAVE_STDINT_H 1
| #define HAVE_UNISTD_H 1
| #define __EXTENSIONS__ 1
| #define _ALL_SOURCE 1
| #define _GNU_SOURCE 1
| #define _POSIX_PTHREAD_SEMANTICS 1
| #define _TANDEM_SOURCE 1
| #define PACKAGE "check"
| #define VERSION "0.9.8"
| #define HAVE_DLFCN_H 1
| #define LT_OBJDIR ".libs/"
| #define STDC_HEADERS 1
| #define HAVE_SYS_WAIT_H 1
| #define HAVE_FCNTL_H 1
| #define HAVE_STDDEF_H 1
| #define HAVE_STDINT_H 1
| #define HAVE_STDLIB_H 1
| #define HAVE_STRING_H 1
| #define HAVE_SYS_TIME_H 1
| #define HAVE_UNISTD_H 1
| /* end confdefs.h.  */
| 
| /* Override any GCC internal prototype to avoid an error.
|    Use char because int might match the return type of a GCC
|    builtin and then its argument prototype would still apply.  */
| #ifdef __cplusplus
| extern "C"
| #endif
| char subunit_test_start ();
| int
| main ()
| {
| return subunit_test_start ();
|   ;
|   return 0;
| }
configure:13602: result: no
configure:13801: checking for an ANSI C-conforming const
configure:13876: gcc -c -g -O2 -Wall -ansi -pedantic -Wextra -Wstrict-prototypes -Wmissing-prototypes -Wwrite-strings -Wno-variadic-macros  conftest.c >&5
conftest.c:40: warning: function declaration isn't a prototype
conftest.c: In function 'main':
conftest.c:66: warning: 't' is used uninitialized in this function
conftest.c:82: warning: 'b' is used uninitialized in this function
conftest.c:45: warning: 'cs[0]' is used uninitialized in this function
configure:13883: $? = 0
configure:13898: result: yes
configure:13908: checking for pid_t
configure:13936: gcc -c -g -O2 -Wall -ansi -pedantic -Wextra -Wstrict-prototypes -Wmissing-prototypes -Wwrite-strings -Wno-variadic-macros  conftest.c >&5
conftest.c:72: warning: function declaration isn't a prototype
configure:13943: $? = 0
configure:13970: gcc -c -g -O2 -Wall -ansi -pedantic -Wextra -Wstrict-prototypes -Wmissing-prototypes -Wwrite-strings -Wno-variadic-macros  conftest.c >&5
conftest.c:72: warning: function declaration isn't a prototype
conftest.c: In function 'main':
conftest.c:73: error: expected expression before ')' token
configure:13977: $? = 1
configure: failed program was:
| /* confdefs.h.  */
| #define PACKAGE_NAME "Check"
| #define PACKAGE_TARNAME "check"
| #define PACKAGE_VERSION "0.9.8"
| #define PACKAGE_STRING "Check 0.9.8"
| #define PACKAGE_BUGREPORT "check-devel at lists dot sourceforge dot net"
| #define STDC_HEADERS 1
| #define HAVE_SYS_TYPES_H 1
| #define HAVE_SYS_STAT_H 1
| #define HAVE_STDLIB_H 1
| #define HAVE_STRING_H 1
| #define HAVE_MEMORY_H 1
| #define HAVE_STRINGS_H 1
| #define HAVE_INTTYPES_H 1
| #define HAVE_STDINT_H 1
| #define HAVE_UNISTD_H 1
| #define __EXTENSIONS__ 1
| #define _ALL_SOURCE 1
| #define _GNU_SOURCE 1
| #define _POSIX_PTHREAD_SEMANTICS 1
| #define _TANDEM_SOURCE 1
| #define PACKAGE "check"
| #define VERSION "0.9.8"
| #define HAVE_DLFCN_H 1
| #define LT_OBJDIR ".libs/"
| #define STDC_HEADERS 1
| #define HAVE_SYS_WAIT_H 1
| #define HAVE_FCNTL_H 1
| #define HAVE_STDDEF_H 1
| #define HAVE_STDINT_H 1
| #define HAVE_STDLIB_H 1
| #define HAVE_STRING_H 1
| #define HAVE_SYS_TIME_H 1
| #define HAVE_UNISTD_H 1
| #define ENABLE_SUBUNIT 0
| /* end confdefs.h.  */
| #include <stdio.h>
| #ifdef HAVE_SYS_TYPES_H
| # include <sys/types.h>
| #endif
| #ifdef HAVE_SYS_STAT_H
| # include <sys/stat.h>
| #endif
| #ifdef STDC_HEADERS
| # include <stdlib.h>
| # include <stddef.h>
| #else
| # ifdef HAVE_STDLIB_H
| #  include <stdlib.h>
| # endif
| #endif
| #ifdef HAVE_STRING_H
| # if !defined STDC_HEADERS && defined HAVE_MEMORY_H
| #  include <memory.h>
| # endif
| # include <string.h>
| #endif
| #ifdef HAVE_STRINGS_H
| # include <strings.h>
| #endif
| #ifdef HAVE_INTTYPES_H
| # include <inttypes.h>
| #endif
| #ifdef HAVE_STDINT_H
| # include <stdint.h>
| #endif
| #ifdef HAVE_UNISTD_H
| # include <unistd.h>
| #endif
| int
| main ()
| {
| if (sizeof ((pid_t)))
| 	  return 0;
|   ;
|   return 0;
| }
configure:14000: result: yes
configure:14012: checking for size_t
configure:14040: gcc -c -g -O2 -Wall -ansi -pedantic -Wextra -Wstrict-prototypes -Wmissing-prototypes -Wwrite-strings -Wno-variadic-macros  conftest.c >&5
conftest.c:72: warning: function declaration isn't a prototype
configure:14047: $? = 0
configure:14074: gcc -c -g -O2 -Wall -ansi -pedantic -Wextra -Wstrict-prototypes -Wmissing-prototypes -Wwrite-strings -Wno-variadic-macros  conftest.c >&5
conftest.c:72: warning: function declaration isn't a prototype
conftest.c: In function 'main':
conftest.c:73: error: expected expression before ')' token
configure:14081: $? = 1
configure: failed program was:
| /* confdefs.h.  */
| #define PACKAGE_NAME "Check"
| #define PACKAGE_TARNAME "check"
| #define PACKAGE_VERSION "0.9.8"
| #define PACKAGE_STRING "Check 0.9.8"
| #define PACKAGE_BUGREPORT "check-devel at lists dot sourceforge dot net"
| #define STDC_HEADERS 1
| #define HAVE_SYS_TYPES_H 1
| #define HAVE_SYS_STAT_H 1
| #define HAVE_STDLIB_H 1
| #define HAVE_STRING_H 1
| #define HAVE_MEMORY_H 1
| #define HAVE_STRINGS_H 1
| #define HAVE_INTTYPES_H 1
| #define HAVE_STDINT_H 1
| #define HAVE_UNISTD_H 1
| #define __EXTENSIONS__ 1
| #define _ALL_SOURCE 1
| #define _GNU_SOURCE 1
| #define _POSIX_PTHREAD_SEMANTICS 1
| #define _TANDEM_SOURCE 1
| #define PACKAGE "check"
| #define VERSION "0.9.8"
| #define HAVE_DLFCN_H 1
| #define LT_OBJDIR ".libs/"
| #define STDC_HEADERS 1
| #define HAVE_SYS_WAIT_H 1
| #define HAVE_FCNTL_H 1
| #define HAVE_STDDEF_H 1
| #define HAVE_STDINT_H 1
| #define HAVE_STDLIB_H 1
| #define HAVE_STRING_H 1
| #define HAVE_SYS_TIME_H 1
| #define HAVE_UNISTD_H 1
| #define ENABLE_SUBUNIT 0
| /* end confdefs.h.  */
| #include <stdio.h>
| #ifdef HAVE_SYS_TYPES_H
| # include <sys/types.h>
| #endif
| #ifdef HAVE_SYS_STAT_H
| # include <sys/stat.h>
| #endif
| #ifdef STDC_HEADERS
| # include <stdlib.h>
| # include <stddef.h>
| #else
| # ifdef HAVE_STDLIB_H
| #  include <stdlib.h>
| # endif
| #endif
| #ifdef HAVE_STRING_H
| # if !defined STDC_HEADERS && defined HAVE_MEMORY_H
| #  include <memory.h>
| # endif
| # include <string.h>
| #endif
| #ifdef HAVE_STRINGS_H
| # include <strings.h>
| #endif
| #ifdef HAVE_INTTYPES_H
| # include <inttypes.h>
| #endif
| #ifdef HAVE_STDINT_H
| # include <stdint.h>
| #endif
| #ifdef HAVE_UNISTD_H
| # include <unistd.h>
| #endif
| int
| main ()
| {
| if (sizeof ((size_t)))
| 	  return 0;
|   ;
|   return 0;
| }
configure:14104: result: yes
configure:14116: checking whether time.h and sys/time.h may both be included
configure:14146: gcc -c -g -O2 -Wall -ansi -pedantic -Wextra -Wstrict-prototypes -Wmissing-prototypes -Wwrite-strings -Wno-variadic-macros  conftest.c >&5
conftest.c:43: warning: function declaration isn't a prototype
configure:14153: $? = 0
configure:14168: result: yes
configure:14178: checking whether struct tm is in sys/time.h or time.h
configure:14208: gcc -c -g -O2 -Wall -ansi -pedantic -Wextra -Wstrict-prototypes -Wmissing-prototypes -Wwrite-strings -Wno-variadic-macros  conftest.c >&5
conftest.c:43: warning: function declaration isn't a prototype
configure:14215: $? = 0
configure:14230: result: time.h
configure:14245: checking size of int
configure:14550: gcc -o conftest -g -O2 -Wall -ansi -pedantic -Wextra -Wstrict-prototypes -Wmissing-prototypes -Wwrite-strings -Wno-variadic-macros   conftest.c  >&5
conftest.c:71: warning: function declaration isn't a prototype
conftest.c:72: warning: function declaration isn't a prototype
conftest.c:77: warning: function declaration isn't a prototype
configure:14554: $? = 0
configure:14560: ./conftest
configure:14564: $? = 0
configure:14590: result: 4
configure:14604: checking size of short
configure:14909: gcc -o conftest -g -O2 -Wall -ansi -pedantic -Wextra -Wstrict-prototypes -Wmissing-prototypes -Wwrite-strings -Wno-variadic-macros   conftest.c  >&5
conftest.c:72: warning: function declaration isn't a prototype
conftest.c:73: warning: function declaration isn't a prototype
conftest.c:78: warning: function declaration isn't a prototype
configure:14913: $? = 0
configure:14919: ./conftest
configure:14923: $? = 0
configure:14949: result: 2
configure:14963: checking size of long
configure:15268: gcc -o conftest -g -O2 -Wall -ansi -pedantic -Wextra -Wstrict-prototypes -Wmissing-prototypes -Wwrite-strings -Wno-variadic-macros   conftest.c  >&5
conftest.c:73: warning: function declaration isn't a prototype
conftest.c:74: warning: function declaration isn't a prototype
conftest.c:79: warning: function declaration isn't a prototype
configure:15272: $? = 0
configure:15278: ./conftest
configure:15282: $? = 0
configure:15308: result: 8
configure:15325: checking for stdlib.h
configure:15332: result: yes
configure:15471: checking for GNU libc compatible malloc
configure:15505: gcc -o conftest -g -O2 -Wall -ansi -pedantic -Wextra -Wstrict-prototypes -Wmissing-prototypes -Wwrite-strings -Wno-variadic-macros   conftest.c  >&5
conftest.c:50: warning: function declaration isn't a prototype
configure:15509: $? = 0
configure:15515: ./conftest
configure:15519: $? = 0
configure:15536: result: yes
configure:15569: checking for stdlib.h
configure:15576: result: yes
configure:15715: checking for GNU libc compatible realloc
configure:15749: gcc -o conftest -g -O2 -Wall -ansi -pedantic -Wextra -Wstrict-prototypes -Wmissing-prototypes -Wwrite-strings -Wno-variadic-macros   conftest.c  >&5
conftest.c:52: warning: function declaration isn't a prototype
configure:15753: $? = 0
configure:15759: ./conftest
configure:15763: $? = 0
configure:15780: result: yes
configure:15820: checking for fileno
configure:15876: gcc -o conftest -g -O2 -Wall -ansi -pedantic -Wextra -Wstrict-prototypes -Wmissing-prototypes -Wwrite-strings -Wno-variadic-macros   conftest.c  >&5
conftest.c:68: warning: function declaration isn't a prototype
conftest.c:78: warning: function declaration isn't a prototype
configure:15883: $? = 0
configure:15905: result: yes
configure:15820: checking for localtime_r
configure:15876: gcc -o conftest -g -O2 -Wall -ansi -pedantic -Wextra -Wstrict-prototypes -Wmissing-prototypes -Wwrite-strings -Wno-variadic-macros   conftest.c  >&5
conftest.c:69: warning: function declaration isn't a prototype
conftest.c:79: warning: function declaration isn't a prototype
configure:15883: $? = 0
configure:15905: result: yes
configure:15820: checking for pipe
configure:15876: gcc -o conftest -g -O2 -Wall -ansi -pedantic -Wextra -Wstrict-prototypes -Wmissing-prototypes -Wwrite-strings -Wno-variadic-macros   conftest.c  >&5
conftest.c:70: warning: function declaration isn't a prototype
conftest.c:80: warning: function declaration isn't a prototype
configure:15883: $? = 0
configure:15905: result: yes
configure:15820: checking for putenv
configure:15876: gcc -o conftest -g -O2 -Wall -ansi -pedantic -Wextra -Wstrict-prototypes -Wmissing-prototypes -Wwrite-strings -Wno-variadic-macros   conftest.c  >&5
conftest.c:71: warning: function declaration isn't a prototype
conftest.c:81: warning: function declaration isn't a prototype
configure:15883: $? = 0
configure:15905: result: yes
configure:15820: checking for setenv
configure:15876: gcc -o conftest -g -O2 -Wall -ansi -pedantic -Wextra -Wstrict-prototypes -Wmissing-prototypes -Wwrite-strings -Wno-variadic-macros   conftest.c  >&5
conftest.c:72: warning: function declaration isn't a prototype
conftest.c:82: warning: function declaration isn't a prototype
configure:15883: $? = 0
configure:15905: result: yes
configure:15820: checking for sleep
configure:15876: gcc -o conftest -g -O2 -Wall -ansi -pedantic -Wextra -Wstrict-prototypes -Wmissing-prototypes -Wwrite-strings -Wno-variadic-macros   conftest.c  >&5
conftest.c:73: warning: function declaration isn't a prototype
conftest.c:83: warning: function declaration isn't a prototype
configure:15883: $? = 0
configure:15905: result: yes
configure:15820: checking for strdup
configure:15876: gcc -o conftest -g -O2 -Wall -ansi -pedantic -Wextra -Wstrict-prototypes -Wmissing-prototypes -Wwrite-strings -Wno-variadic-macros   conftest.c  >&5
conftest.c:74: warning: function declaration isn't a prototype
conftest.c:84: warning: function declaration isn't a prototype
configure:15883: $? = 0
configure:15905: result: yes
configure:15820: checking for strsignal
configure:15876: gcc -o conftest -g -O2 -Wall -ansi -pedantic -Wextra -Wstrict-prototypes -Wmissing-prototypes -Wwrite-strings -Wno-variadic-macros   conftest.c  >&5
conftest.c:75: warning: function declaration isn't a prototype
conftest.c:85: warning: function declaration isn't a prototype
configure:15883: $? = 0
configure:15905: result: yes
configure:15820: checking for unsetenv
configure:15876: gcc -o conftest -g -O2 -Wall -ansi -pedantic -Wextra -Wstrict-prototypes -Wmissing-prototypes -Wwrite-strings -Wno-variadic-macros   conftest.c  >&5
conftest.c:76: warning: function declaration isn't a prototype
conftest.c:86: warning: function declaration isn't a prototype
configure:15883: $? = 0
configure:15905: result: yes
configure:15925: checking whether fileno is declared
configure:15954: gcc -c -g -O2 -Wall -ansi -pedantic -Wextra -Wstrict-prototypes -Wmissing-prototypes -Wwrite-strings -Wno-variadic-macros  conftest.c >&5
conftest.c:89: warning: function declaration isn't a prototype
configure:15961: $? = 0
configure:15976: result: yes
configure:15992: checking whether localtime_r is declared
configure:16021: gcc -c -g -O2 -Wall -ansi -pedantic -Wextra -Wstrict-prototypes -Wmissing-prototypes -Wwrite-strings -Wno-variadic-macros  conftest.c >&5
conftest.c:90: warning: function declaration isn't a prototype
conftest.c: In function 'main':
conftest.c:92: error: 'localtime_r' undeclared (first use in this function)
conftest.c:92: error: (Each undeclared identifier is reported only once
conftest.c:92: error: for each function it appears in.)
configure:16028: $? = 1
configure: failed program was:
| /* confdefs.h.  */
| #define PACKAGE_NAME "Check"
| #define PACKAGE_TARNAME "check"
| #define PACKAGE_VERSION "0.9.8"
| #define PACKAGE_STRING "Check 0.9.8"
| #define PACKAGE_BUGREPORT "check-devel at lists dot sourceforge dot net"
| #define STDC_HEADERS 1
| #define HAVE_SYS_TYPES_H 1
| #define HAVE_SYS_STAT_H 1
| #define HAVE_STDLIB_H 1
| #define HAVE_STRING_H 1
| #define HAVE_MEMORY_H 1
| #define HAVE_STRINGS_H 1
| #define HAVE_INTTYPES_H 1
| #define HAVE_STDINT_H 1
| #define HAVE_UNISTD_H 1
| #define __EXTENSIONS__ 1
| #define _ALL_SOURCE 1
| #define _GNU_SOURCE 1
| #define _POSIX_PTHREAD_SEMANTICS 1
| #define _TANDEM_SOURCE 1
| #define PACKAGE "check"
| #define VERSION "0.9.8"
| #define HAVE_DLFCN_H 1
| #define LT_OBJDIR ".libs/"
| #define STDC_HEADERS 1
| #define HAVE_SYS_WAIT_H 1
| #define HAVE_FCNTL_H 1
| #define HAVE_STDDEF_H 1
| #define HAVE_STDINT_H 1
| #define HAVE_STDLIB_H 1
| #define HAVE_STRING_H 1
| #define HAVE_SYS_TIME_H 1
| #define HAVE_UNISTD_H 1
| #define ENABLE_SUBUNIT 0
| #define TIME_WITH_SYS_TIME 1
| #define SIZEOF_INT 4
| #define SIZEOF_SHORT 2
| #define SIZEOF_LONG 8
| #define HAVE_STDLIB_H 1
| #define HAVE_MALLOC 1
| #define HAVE_STDLIB_H 1
| #define HAVE_REALLOC 1
| #define HAVE_FILENO 1
| #define HAVE_LOCALTIME_R 1
| #define HAVE_PIPE 1
| #define HAVE_PUTENV 1
| #define HAVE_SETENV 1
| #define HAVE_SLEEP 1
| #define HAVE_STRDUP 1
| #define HAVE_STRSIGNAL 1
| #define HAVE_UNSETENV 1
| #define HAVE_DECL_FILENO 1
| /* end confdefs.h.  */
| #include <stdio.h>
| #ifdef HAVE_SYS_TYPES_H
| # include <sys/types.h>
| #endif
| #ifdef HAVE_SYS_STAT_H
| # include <sys/stat.h>
| #endif
| #ifdef STDC_HEADERS
| # include <stdlib.h>
| # include <stddef.h>
| #else
| # ifdef HAVE_STDLIB_H
| #  include <stdlib.h>
| # endif
| #endif
| #ifdef HAVE_STRING_H
| # if !defined STDC_HEADERS && defined HAVE_MEMORY_H
| #  include <memory.h>
| # endif
| # include <string.h>
| #endif
| #ifdef HAVE_STRINGS_H
| # include <strings.h>
| #endif
| #ifdef HAVE_INTTYPES_H
| # include <inttypes.h>
| #endif
| #ifdef HAVE_STDINT_H
| # include <stdint.h>
| #endif
| #ifdef HAVE_UNISTD_H
| # include <unistd.h>
| #endif
| int
| main ()
| {
| #ifndef localtime_r
|   (void) localtime_r;
| #endif
| 
|   ;
|   return 0;
| }
configure:16043: result: no
configure:16059: checking whether pipe is declared
configure:16088: gcc -c -g -O2 -Wall -ansi -pedantic -Wextra -Wstrict-prototypes -Wmissing-prototypes -Wwrite-strings -Wno-variadic-macros  conftest.c >&5
conftest.c:91: warning: function declaration isn't a prototype
configure:16095: $? = 0
configure:16110: result: yes
configure:16126: checking whether putenv is declared
configure:16155: gcc -c -g -O2 -Wall -ansi -pedantic -Wextra -Wstrict-prototypes -Wmissing-prototypes -Wwrite-strings -Wno-variadic-macros  conftest.c >&5
conftest.c:92: warning: function declaration isn't a prototype
configure:16162: $? = 0
configure:16177: result: yes
configure:16193: checking whether setenv is declared
configure:16222: gcc -c -g -O2 -Wall -ansi -pedantic -Wextra -Wstrict-prototypes -Wmissing-prototypes -Wwrite-strings -Wno-variadic-macros  conftest.c >&5
conftest.c:93: warning: function declaration isn't a prototype
configure:16229: $? = 0
configure:16244: result: yes
configure:16260: checking whether sleep is declared
configure:16289: gcc -c -g -O2 -Wall -ansi -pedantic -Wextra -Wstrict-prototypes -Wmissing-prototypes -Wwrite-strings -Wno-variadic-macros  conftest.c >&5
conftest.c:94: warning: function declaration isn't a prototype
configure:16296: $? = 0
configure:16311: result: yes
configure:16327: checking whether strdup is declared
configure:16356: gcc -c -g -O2 -Wall -ansi -pedantic -Wextra -Wstrict-prototypes -Wmissing-prototypes -Wwrite-strings -Wno-variadic-macros  conftest.c >&5
conftest.c:95: warning: function declaration isn't a prototype
configure:16363: $? = 0
configure:16378: result: yes
configure:16394: checking whether strsignal is declared
configure:16423: gcc -c -g -O2 -Wall -ansi -pedantic -Wextra -Wstrict-prototypes -Wmissing-prototypes -Wwrite-strings -Wno-variadic-macros  conftest.c >&5
conftest.c:96: warning: function declaration isn't a prototype
configure:16430: $? = 0
configure:16445: result: yes
configure:16461: checking whether unsetenv is declared
configure:16490: gcc -c -g -O2 -Wall -ansi -pedantic -Wextra -Wstrict-prototypes -Wmissing-prototypes -Wwrite-strings -Wno-variadic-macros  conftest.c >&5
conftest.c:97: warning: function declaration isn't a prototype
configure:16497: $? = 0
configure:16512: result: yes
configure:16728: checking for the pthreads library -lpthreads
configure:16771: gcc -o conftest -g -O2 -Wall -ansi -pedantic -Wextra -Wstrict-prototypes -Wmissing-prototypes -Wwrite-strings -Wno-variadic-macros    conftest.c -lpthreads  >&5
conftest.c:66: warning: function declaration isn't a prototype
conftest.c: In function 'main':
conftest.c:68: warning: null argument where non-null required (argument 1)
conftest.c:69: warning: null argument where non-null required (argument 1)
conftest.c:69: warning: null argument where non-null required (argument 3)
conftest.c:67: warning: 'th' is used uninitialized in this function
/usr/bin/ld: cannot find -lpthreads
collect2: ld returned 1 exit status
configure:16778: $? = 1
configure: failed program was:
| /* confdefs.h.  */
| #define PACKAGE_NAME "Check"
| #define PACKAGE_TARNAME "check"
| #define PACKAGE_VERSION "0.9.8"
| #define PACKAGE_STRING "Check 0.9.8"
| #define PACKAGE_BUGREPORT "check-devel at lists dot sourceforge dot net"
| #define STDC_HEADERS 1
| #define HAVE_SYS_TYPES_H 1
| #define HAVE_SYS_STAT_H 1
| #define HAVE_STDLIB_H 1
| #define HAVE_STRING_H 1
| #define HAVE_MEMORY_H 1
| #define HAVE_STRINGS_H 1
| #define HAVE_INTTYPES_H 1
| #define HAVE_STDINT_H 1
| #define HAVE_UNISTD_H 1
| #define __EXTENSIONS__ 1
| #define _ALL_SOURCE 1
| #define _GNU_SOURCE 1
| #define _POSIX_PTHREAD_SEMANTICS 1
| #define _TANDEM_SOURCE 1
| #define PACKAGE "check"
| #define VERSION "0.9.8"
| #define HAVE_DLFCN_H 1
| #define LT_OBJDIR ".libs/"
| #define STDC_HEADERS 1
| #define HAVE_SYS_WAIT_H 1
| #define HAVE_FCNTL_H 1
| #define HAVE_STDDEF_H 1
| #define HAVE_STDINT_H 1
| #define HAVE_STDLIB_H 1
| #define HAVE_STRING_H 1
| #define HAVE_SYS_TIME_H 1
| #define HAVE_UNISTD_H 1
| #define ENABLE_SUBUNIT 0
| #define TIME_WITH_SYS_TIME 1
| #define SIZEOF_INT 4
| #define SIZEOF_SHORT 2
| #define SIZEOF_LONG 8
| #define HAVE_STDLIB_H 1
| #define HAVE_MALLOC 1
| #define HAVE_STDLIB_H 1
| #define HAVE_REALLOC 1
| #define HAVE_FILENO 1
| #define HAVE_LOCALTIME_R 1
| #define HAVE_PIPE 1
| #define HAVE_PUTENV 1
| #define HAVE_SETENV 1
| #define HAVE_SLEEP 1
| #define HAVE_STRDUP 1
| #define HAVE_STRSIGNAL 1
| #define HAVE_UNSETENV 1
| #define HAVE_DECL_FILENO 1
| #define HAVE_DECL_LOCALTIME_R 0
| #define HAVE_DECL_PIPE 1
| #define HAVE_DECL_PUTENV 1
| #define HAVE_DECL_SETENV 1
| #define HAVE_DECL_SLEEP 1
| #define HAVE_DECL_STRDUP 1
| #define HAVE_DECL_STRSIGNAL 1
| #define HAVE_DECL_UNSETENV 1
| /* end confdefs.h.  */
| #include <pthread.h>
| int
| main ()
| {
| pthread_t th; pthread_join(th, 0);
|                      pthread_attr_init(0); pthread_cleanup_push(0, 0);
|                      pthread_create(0,0,0,0); pthread_cleanup_pop(0);
|   ;
|   return 0;
| }
configure:16801: result: no
configure:16673: checking whether pthreads work without any flags
configure:16771: gcc -o conftest -g -O2 -Wall -ansi -pedantic -Wextra -Wstrict-prototypes -Wmissing-prototypes -Wwrite-strings -Wno-variadic-macros    conftest.c   >&5
conftest.c:66: warning: function declaration isn't a prototype
conftest.c: In function 'main':
conftest.c:68: warning: null argument where non-null required (argument 1)
conftest.c:69: warning: null argument where non-null required (argument 1)
conftest.c:69: warning: null argument where non-null required (argument 3)
conftest.c:67: warning: 'th' is used uninitialized in this function
/tmp/cc5YkqQn.o: In function `main':
/vagrant/deps/check-0.9.8/conftest.c:67: undefined reference to `pthread_join'
/vagrant/deps/check-0.9.8/conftest.c:68: undefined reference to `__pthread_register_cancel'
/vagrant/deps/check-0.9.8/conftest.c:69: undefined reference to `pthread_create'
/vagrant/deps/check-0.9.8/conftest.c:69: undefined reference to `__pthread_unregister_cancel'
collect2: ld returned 1 exit status
configure:16778: $? = 1
configure: failed program was:
| /* confdefs.h.  */
| #define PACKAGE_NAME "Check"
| #define PACKAGE_TARNAME "check"
| #define PACKAGE_VERSION "0.9.8"
| #define PACKAGE_STRING "Check 0.9.8"
| #define PACKAGE_BUGREPORT "check-devel at lists dot sourceforge dot net"
| #define STDC_HEADERS 1
| #define HAVE_SYS_TYPES_H 1
| #define HAVE_SYS_STAT_H 1
| #define HAVE_STDLIB_H 1
| #define HAVE_STRING_H 1
| #define HAVE_MEMORY_H 1
| #define HAVE_STRINGS_H 1
| #define HAVE_INTTYPES_H 1
| #define HAVE_STDINT_H 1
| #define HAVE_UNISTD_H 1
| #define __EXTENSIONS__ 1
| #define _ALL_SOURCE 1
| #define _GNU_SOURCE 1
| #define _POSIX_PTHREAD_SEMANTICS 1
| #define _TANDEM_SOURCE 1
| #define PACKAGE "check"
| #define VERSION "0.9.8"
| #define HAVE_DLFCN_H 1
| #define LT_OBJDIR ".libs/"
| #define STDC_HEADERS 1
| #define HAVE_SYS_WAIT_H 1
| #define HAVE_FCNTL_H 1
| #define HAVE_STDDEF_H 1
| #define HAVE_STDINT_H 1
| #define HAVE_STDLIB_H 1
| #define HAVE_STRING_H 1
| #define HAVE_SYS_TIME_H 1
| #define HAVE_UNISTD_H 1
| #define ENABLE_SUBUNIT 0
| #define TIME_WITH_SYS_TIME 1
| #define SIZEOF_INT 4
| #define SIZEOF_SHORT 2
| #define SIZEOF_LONG 8
| #define HAVE_STDLIB_H 1
| #define HAVE_MALLOC 1
| #define HAVE_STDLIB_H 1
| #define HAVE_REALLOC 1
| #define HAVE_FILENO 1
| #define HAVE_LOCALTIME_R 1
| #define HAVE_PIPE 1
| #define HAVE_PUTENV 1
| #define HAVE_SETENV 1
| #define HAVE_SLEEP 1
| #define HAVE_STRDUP 1
| #define HAVE_STRSIGNAL 1
| #define HAVE_UNSETENV 1
| #define HAVE_DECL_FILENO 1
| #define HAVE_DECL_LOCALTIME_R 0
| #define HAVE_DECL_PIPE 1
| #define HAVE_DECL_PUTENV 1
| #define HAVE_DECL_SETENV 1
| #define HAVE_DECL_SLEEP 1
| #define HAVE_DECL_STRDUP 1
| #define HAVE_DECL_STRSIGNAL 1
| #define HAVE_DECL_UNSETENV 1
| /* end confdefs.h.  */
| #include <pthread.h>
| int
| main ()
| {
| pthread_t th; pthread_join(th, 0);
|                      pthread_attr_init(0); pthread_cleanup_push(0, 0);
|                      pthread_create(0,0,0,0); pthread_cleanup_pop(0);
|   ;
|   return 0;
| }
configure:16801: result: no
configure:16678: checking whether pthreads work with -Kthread
configure:16771: gcc -o conftest -g -O2 -Wall -ansi -pedantic -Wextra -Wstrict-prototypes -Wmissing-prototypes -Wwrite-strings -Wno-variadic-macros -Kthread   conftest.c   >&5
gcc: unrecognized option '-Kthread'
conftest.c:66: warning: function declaration isn't a prototype
conftest.c: In function 'main':
conftest.c:68: warning: null argument where non-null required (argument 1)
conftest.c:69: warning: null argument where non-null required (argument 1)
conftest.c:69: warning: null argument where non-null required (argument 3)
conftest.c:67: warning: 'th' is used uninitialized in this function
/tmp/ccM6lHJw.o: In function `main':
/vagrant/deps/check-0.9.8/conftest.c:67: undefined reference to `pthread_join'
/vagrant/deps/check-0.9.8/conftest.c:68: undefined reference to `__pthread_register_cancel'
/vagrant/deps/check-0.9.8/conftest.c:69: undefined reference to `pthread_create'
/vagrant/deps/check-0.9.8/conftest.c:69: undefined reference to `__pthread_unregister_cancel'
collect2: ld returned 1 exit status
configure:16778: $? = 1
configure: failed program was:
| /* confdefs.h.  */
| #define PACKAGE_NAME "Check"
| #define PACKAGE_TARNAME "check"
| #define PACKAGE_VERSION "0.9.8"
| #define PACKAGE_STRING "Check 0.9.8"
| #define PACKAGE_BUGREPORT "check-devel at lists dot sourceforge dot net"
| #define STDC_HEADERS 1
| #define HAVE_SYS_TYPES_H 1
| #define HAVE_SYS_STAT_H 1
| #define HAVE_STDLIB_H 1
| #define HAVE_STRING_H 1
| #define HAVE_MEMORY_H 1
| #define HAVE_STRINGS_H 1
| #define HAVE_INTTYPES_H 1
| #define HAVE_STDINT_H 1
| #define HAVE_UNISTD_H 1
| #define __EXTENSIONS__ 1
| #define _ALL_SOURCE 1
| #define _GNU_SOURCE 1
| #define _POSIX_PTHREAD_SEMANTICS 1
| #define _TANDEM_SOURCE 1
| #define PACKAGE "check"
| #define VERSION "0.9.8"
| #define HAVE_DLFCN_H 1
| #define LT_OBJDIR ".libs/"
| #define STDC_HEADERS 1
| #define HAVE_SYS_WAIT_H 1
| #define HAVE_FCNTL_H 1
| #define HAVE_STDDEF_H 1
| #define HAVE_STDINT_H 1
| #define HAVE_STDLIB_H 1
| #define HAVE_STRING_H 1
| #define HAVE_SYS_TIME_H 1
| #define HAVE_UNISTD_H 1
| #define ENABLE_SUBUNIT 0
| #define TIME_WITH_SYS_TIME 1
| #define SIZEOF_INT 4
| #define SIZEOF_SHORT 2
| #define SIZEOF_LONG 8
| #define HAVE_STDLIB_H 1
| #define HAVE_MALLOC 1
| #define HAVE_STDLIB_H 1
| #define HAVE_REALLOC 1
| #define HAVE_FILENO 1
| #define HAVE_LOCALTIME_R 1
| #define HAVE_PIPE 1
| #define HAVE_PUTENV 1
| #define HAVE_SETENV 1
| #define HAVE_SLEEP 1
| #define HAVE_STRDUP 1
| #define HAVE_STRSIGNAL 1
| #define HAVE_UNSETENV 1
| #define HAVE_DECL_FILENO 1
| #define HAVE_DECL_LOCALTIME_R 0
| #define HAVE_DECL_PIPE 1
| #define HAVE_DECL_PUTENV 1
| #define HAVE_DECL_SETENV 1
| #define HAVE_DECL_SLEEP 1
| #define HAVE_DECL_STRDUP 1
| #define HAVE_DECL_STRSIGNAL 1
| #define HAVE_DECL_UNSETENV 1
| /* end confdefs.h.  */
| #include <pthread.h>
| int
| main ()
| {
| pthread_t th; pthread_join(th, 0);
|                      pthread_attr_init(0); pthread_cleanup_push(0, 0);
|                      pthread_create(0,0,0,0); pthread_cleanup_pop(0);
|   ;
|   return 0;
| }
configure:16801: result: no
configure:16678: checking whether pthreads work with -kthread
configure:16771: gcc -o conftest -g -O2 -Wall -ansi -pedantic -Wextra -Wstrict-prototypes -Wmissing-prototypes -Wwrite-strings -Wno-variadic-macros -kthread   conftest.c   >&5
gcc: unrecognized option '-kthread'
conftest.c:66: warning: function declaration isn't a prototype
conftest.c: In function 'main':
conftest.c:68: warning: null argument where non-null required (argument 1)
conftest.c:69: warning: null argument where non-null required (argument 1)
conftest.c:69: warning: null argument where non-null required (argument 3)
conftest.c:67: warning: 'th' is used uninitialized in this function
/tmp/ccvhnvqD.o: In function `main':
/vagrant/deps/check-0.9.8/conftest.c:67: undefined reference to `pthread_join'
/vagrant/deps/check-0.9.8/conftest.c:68: undefined reference to `__pthread_register_cancel'
/vagrant/deps/check-0.9.8/conftest.c:69: undefined reference to `pthread_create'
/vagrant/deps/check-0.9.8/conftest.c:69: undefined reference to `__pthread_unregister_cancel'
collect2: ld returned 1 exit status
configure:16778: $? = 1
configure: failed program was:
| /* confdefs.h.  */
| #define PACKAGE_NAME "Check"
| #define PACKAGE_TARNAME "check"
| #define PACKAGE_VERSION "0.9.8"
| #define PACKAGE_STRING "Check 0.9.8"
| #define PACKAGE_BUGREPORT "check-devel at lists dot sourceforge dot net"
| #define STDC_HEADERS 1
| #define HAVE_SYS_TYPES_H 1
| #define HAVE_SYS_STAT_H 1
| #define HAVE_STDLIB_H 1
| #define HAVE_STRING_H 1
| #define HAVE_MEMORY_H 1
| #define HAVE_STRINGS_H 1
| #define HAVE_INTTYPES_H 1
| #define HAVE_STDINT_H 1
| #define HAVE_UNISTD_H 1
| #define __EXTENSIONS__ 1
| #define _ALL_SOURCE 1
| #define _GNU_SOURCE 1
| #define _POSIX_PTHREAD_SEMANTICS 1
| #define _TANDEM_SOURCE 1
| #define PACKAGE "check"
| #define VERSION "0.9.8"
| #define HAVE_DLFCN_H 1
| #define LT_OBJDIR ".libs/"
| #define STDC_HEADERS 1
| #define HAVE_SYS_WAIT_H 1
| #define HAVE_FCNTL_H 1
| #define HAVE_STDDEF_H 1
| #define HAVE_STDINT_H 1
| #define HAVE_STDLIB_H 1
| #define HAVE_STRING_H 1
| #define HAVE_SYS_TIME_H 1
| #define HAVE_UNISTD_H 1
| #define ENABLE_SUBUNIT 0
| #define TIME_WITH_SYS_TIME 1
| #define SIZEOF_INT 4
| #define SIZEOF_SHORT 2
| #define SIZEOF_LONG 8
| #define HAVE_STDLIB_H 1
| #define HAVE_MALLOC 1
| #define HAVE_STDLIB_H 1
| #define HAVE_REALLOC 1
| #define HAVE_FILENO 1
| #define HAVE_LOCALTIME_R 1
| #define HAVE_PIPE 1
| #define HAVE_PUTENV 1
| #define HAVE_SETENV 1
| #define HAVE_SLEEP 1
| #define HAVE_STRDUP 1
| #define HAVE_STRSIGNAL 1
| #define HAVE_UNSETENV 1
| #define HAVE_DECL_FILENO 1
| #define HAVE_DECL_LOCALTIME_R 0
| #define HAVE_DECL_PIPE 1
| #define HAVE_DECL_PUTENV 1
| #define HAVE_DECL_SETENV 1
| #define HAVE_DECL_SLEEP 1
| #define HAVE_DECL_STRDUP 1
| #define HAVE_DECL_STRSIGNAL 1
| #define HAVE_DECL_UNSETENV 1
| /* end confdefs.h.  */
| #include <pthread.h>
| int
| main ()
| {
| pthread_t th; pthread_join(th, 0);
|                      pthread_attr_init(0); pthread_cleanup_push(0, 0);
|                      pthread_create(0,0,0,0); pthread_cleanup_pop(0);
|   ;
|   return 0;
| }
configure:16801: result: no
configure:16728: checking for the pthreads library -llthread
configure:16771: gcc -o conftest -g -O2 -Wall -ansi -pedantic -Wextra -Wstrict-prototypes -Wmissing-prototypes -Wwrite-strings -Wno-variadic-macros    conftest.c -llthread  >&5
conftest.c:66: warning: function declaration isn't a prototype
conftest.c: In function 'main':
conftest.c:68: warning: null argument where non-null required (argument 1)
conftest.c:69: warning: null argument where non-null required (argument 1)
conftest.c:69: warning: null argument where non-null required (argument 3)
conftest.c:67: warning: 'th' is used uninitialized in this function
/usr/bin/ld: cannot find -llthread
collect2: ld returned 1 exit status
configure:16778: $? = 1
configure: failed program was:
| /* confdefs.h.  */
| #define PACKAGE_NAME "Check"
| #define PACKAGE_TARNAME "check"
| #define PACKAGE_VERSION "0.9.8"
| #define PACKAGE_STRING "Check 0.9.8"
| #define PACKAGE_BUGREPORT "check-devel at lists dot sourceforge dot net"
| #define STDC_HEADERS 1
| #define HAVE_SYS_TYPES_H 1
| #define HAVE_SYS_STAT_H 1
| #define HAVE_STDLIB_H 1
| #define HAVE_STRING_H 1
| #define HAVE_MEMORY_H 1
| #define HAVE_STRINGS_H 1
| #define HAVE_INTTYPES_H 1
| #define HAVE_STDINT_H 1
| #define HAVE_UNISTD_H 1
| #define __EXTENSIONS__ 1
| #define _ALL_SOURCE 1
| #define _GNU_SOURCE 1
| #define _POSIX_PTHREAD_SEMANTICS 1
| #define _TANDEM_SOURCE 1
| #define PACKAGE "check"
| #define VERSION "0.9.8"
| #define HAVE_DLFCN_H 1
| #define LT_OBJDIR ".libs/"
| #define STDC_HEADERS 1
| #define HAVE_SYS_WAIT_H 1
| #define HAVE_FCNTL_H 1
| #define HAVE_STDDEF_H 1
| #define HAVE_STDINT_H 1
| #define HAVE_STDLIB_H 1
| #define HAVE_STRING_H 1
| #define HAVE_SYS_TIME_H 1
| #define HAVE_UNISTD_H 1
| #define ENABLE_SUBUNIT 0
| #define TIME_WITH_SYS_TIME 1
| #define SIZEOF_INT 4
| #define SIZEOF_SHORT 2
| #define SIZEOF_LONG 8
| #define HAVE_STDLIB_H 1
| #define HAVE_MALLOC 1
| #define HAVE_STDLIB_H 1
| #define HAVE_REALLOC 1
| #define HAVE_FILENO 1
| #define HAVE_LOCALTIME_R 1
| #define HAVE_PIPE 1
| #define HAVE_PUTENV 1
| #define HAVE_SETENV 1
| #define HAVE_SLEEP 1
| #define HAVE_STRDUP 1
| #define HAVE_STRSIGNAL 1
| #define HAVE_UNSETENV 1
| #define HAVE_DECL_FILENO 1
| #define HAVE_DECL_LOCALTIME_R 0
| #define HAVE_DECL_PIPE 1
| #define HAVE_DECL_PUTENV 1
| #define HAVE_DECL_SETENV 1
| #define HAVE_DECL_SLEEP 1
| #define HAVE_DECL_STRDUP 1
| #define HAVE_DECL_STRSIGNAL 1
| #define HAVE_DECL_UNSETENV 1
| /* end confdefs.h.  */
| #include <pthread.h>
| int
| main ()
| {
| pthread_t th; pthread_join(th, 0);
|                      pthread_attr_init(0); pthread_cleanup_push(0, 0);
|                      pthread_create(0,0,0,0); pthread_cleanup_pop(0);
|   ;
|   return 0;
| }
configure:16801: result: no
configure:16678: checking whether pthreads work with -pthread
configure:16771: gcc -o conftest -g -O2 -Wall -ansi -pedantic -Wextra -Wstrict-prototypes -Wmissing-prototypes -Wwrite-strings -Wno-variadic-macros -pthread   conftest.c   >&5
conftest.c:66: warning: function declaration isn't a prototype
conftest.c: In function 'main':
conftest.c:68: warning: null argument where non-null required (argument 1)
conftest.c:69: warning: null argument where non-null required (argument 1)
conftest.c:69: warning: null argument where non-null required (argument 3)
conftest.c:67: warning: 'th' is used uninitialized in this function
configure:16778: $? = 0
configure:16801: result: yes
configure:16820: checking for joinable pthread attribute
configure:16845: gcc -o conftest -g -O2 -Wall -ansi -pedantic -Wextra -Wstrict-prototypes -Wmissing-prototypes -Wwrite-strings -Wno-variadic-macros -pthread   conftest.c   >&5
conftest.c:66: warning: function declaration isn't a prototype
configure:16852: $? = 0
configure:16872: result: PTHREAD_CREATE_JOINABLE
configure:16882: checking if more special flags are required for pthreads
configure:16889: result: no
configure:17119: creating ./config.status

## ---------------------- ##
## Running config.status. ##
## ---------------------- ##

This file was extended by Check config.status 0.9.8, which was
generated by GNU Autoconf 2.63.  Invocation command line was

  CONFIG_FILES    = 
  CONFIG_HEADERS  = 
  CONFIG_LINKS    = 
  CONFIG_COMMANDS = 
  $ ./config.status 

on lucid64

config.status:1051: creating check.pc
config.status:1051: creating Makefile
config.status:1051: creating doc/Makefile
config.status:1051: creating lib/Makefile
config.status:1051: creating src/check.h
config.status:1051: creating src/Makefile
config.status:1051: creating tests/Makefile
config.status:1051: creating tests/test_vars
config.status:1051: creating config.h
config.status:1273: config.h is unchanged
config.status:1325: executing depfiles commands
config.status:1325: executing libtool commands

## ---------------- ##
## Cache variables. ##
## ---------------- ##

ac_cv_build=x86_64-unknown-linux-gnu
ac_cv_c_compiler_gnu=yes
ac_cv_c_const=yes
ac_cv_cflags_warn_all_ansi='-Wall -ansi -pedantic'
ac_cv_env_CC_set=
ac_cv_env_CC_value=
ac_cv_env_CFLAGS_set=
ac_cv_env_CFLAGS_value=
ac_cv_env_CPPFLAGS_set=
ac_cv_env_CPPFLAGS_value=
ac_cv_env_CPP_set=
ac_cv_env_CPP_value=
ac_cv_env_LDFLAGS_set=
ac_cv_env_LDFLAGS_value=
ac_cv_env_LIBS_set=
ac_cv_env_LIBS_value=
ac_cv_env_build_alias_set=
ac_cv_env_build_alias_value=
ac_cv_env_host_alias_set=
ac_cv_env_host_alias_value=
ac_cv_env_target_alias_set=
ac_cv_env_target_alias_value=
ac_cv_func_fileno=yes
ac_cv_func_localtime_r=yes
ac_cv_func_malloc_0_nonnull=yes
ac_cv_func_pipe=yes
ac_cv_func_putenv=yes
ac_cv_func_realloc_0_nonnull=yes
ac_cv_func_setenv=yes
ac_cv_func_sleep=yes
ac_cv_func_strdup=yes
ac_cv_func_strsignal=yes
ac_cv_func_unsetenv=yes
ac_cv_have_decl_fileno=yes
ac_cv_have_decl_localtime_r=no
ac_cv_have_decl_pipe=yes
ac_cv_have_decl_putenv=yes
ac_cv_have_decl_setenv=yes
ac_cv_have_decl_sleep=yes
ac_cv_have_decl_strdup=yes
ac_cv_have_decl_strsignal=yes
ac_cv_have_decl_unsetenv=yes
ac_cv_header_dlfcn_h=yes
ac_cv_header_fcntl_h=yes
ac_cv_header_inttypes_h=yes
ac_cv_header_memory_h=yes
ac_cv_header_minix_config_h=no
ac_cv_header_stdc=yes
ac_cv_header_stddef_h=yes
ac_cv_header_stdint_h=yes
ac_cv_header_stdlib_h=yes
ac_cv_header_string_h=yes
ac_cv_header_strings_h=yes
ac_cv_header_sys_stat_h=yes
ac_cv_header_sys_time_h=yes
ac_cv_header_sys_types_h=yes
ac_cv_header_sys_wait_h=yes
ac_cv_header_time=yes
ac_cv_header_unistd_h=yes
ac_cv_host=x86_64-unknown-linux-gnu
ac_cv_lib_subunit_subunit_test_start=no
ac_cv_objext=o
ac_cv_path_EGREP='/bin/grep -E'
ac_cv_path_FGREP='/bin/grep -F'
ac_cv_path_GREP=/bin/grep
ac_cv_path_SED=/bin/sed
ac_cv_path_install='/usr/bin/install -c'
ac_cv_path_mkdir=/bin/mkdir
ac_cv_prog_AWK=mawk
ac_cv_prog_CPP='gcc -E'
ac_cv_prog_GCOV=gcov
ac_cv_prog_ac_ct_AR=ar
ac_cv_prog_ac_ct_CC=gcc
ac_cv_prog_ac_ct_OBJDUMP=objdump
ac_cv_prog_ac_ct_RANLIB=ranlib
ac_cv_prog_ac_ct_STRIP=strip
ac_cv_prog_cc_c89=
ac_cv_prog_cc_g=yes
ac_cv_prog_cc_gcc_c_o=yes
ac_cv_prog_make_make_set=yes
ac_cv_safe_to_define___extensions__=yes
ac_cv_sizeof_int=4
ac_cv_sizeof_long=8
ac_cv_sizeof_short=2
ac_cv_struct_tm=time.h
ac_cv_type_pid_t=yes
ac_cv_type_size_t=yes
am_cv_CC_dependencies_compiler_type=gcc3
ax_cv_c_check_flag__Wextra=yes
ax_cv_c_check_flag__Wmissing_prototypes=yes
ax_cv_c_check_flag__Wno_variadic_macros=yes
ax_cv_c_check_flag__Wstrict_prototypes=yes
ax_cv_c_check_flag__Wwrite_strings=yes
lt_cv_deplibs_check_method=pass_all
lt_cv_file_magic_cmd='$MAGIC_CMD'
lt_cv_file_magic_test_file=
lt_cv_ld_reload_flag=-r
lt_cv_nm_interface='BSD nm'
lt_cv_objdir=.libs
lt_cv_path_LD=/usr/bin/ld
lt_cv_path_NM='/usr/bin/nm -B'
lt_cv_prog_compiler_c_o=yes
lt_cv_prog_compiler_pic_works=yes
lt_cv_prog_compiler_rtti_exceptions=no
lt_cv_prog_compiler_static_works=yes
lt_cv_prog_gnu_ld=yes
lt_cv_sys_global_symbol_pipe='sed -n -e '\''s/^.*[	 ]\([ABCDGIRSTW][ABCDGIRSTW]*\)[	 ][	 ]*\([_A-Za-z][_A-Za-z0-9]*\)$/\1 \2 \2/p'\'''
lt_cv_sys_global_symbol_to_c_name_address='sed -n -e '\''s/^: \([^ ]*\) $/  {\"\1\", (void *) 0},/p'\'' -e '\''s/^[ABCDGIRSTW]* \([^ ]*\) \([^ ]*\)$/  {"\2", (void *) \&\2},/p'\'''
lt_cv_sys_global_symbol_to_c_name_address_lib_prefix='sed -n -e '\''s/^: \([^ ]*\) $/  {\"\1\", (void *) 0},/p'\'' -e '\''s/^[ABCDGIRSTW]* \([^ ]*\) \(lib[^ ]*\)$/  {"\2", (void *) \&\2},/p'\'' -e '\''s/^[ABCDGIRSTW]* \([^ ]*\) \([^ ]*\)$/  {"lib\2", (void *) \&\2},/p'\'''
lt_cv_sys_global_symbol_to_cdecl='sed -n -e '\''s/^T .* \(.*\)$/extern int \1();/p'\'' -e '\''s/^[ABCDGIRSTW]* .* \(.*\)$/extern char \1;/p'\'''
lt_cv_sys_max_cmd_len=1572864

## ----------------- ##
## Output variables. ##
## ----------------- ##

ACLOCAL='${SHELL} /vagrant/deps/check-0.9.8/build-aux/missing --run aclocal-1.10'
AMDEPBACKSLASH='\'
AMDEP_FALSE='#'
AMDEP_TRUE=''
AMTAR='${SHELL} /vagrant/deps/check-0.9.8/build-aux/missing --run tar'
AR='ar'
AUTOCONF='${SHELL} /vagrant/deps/check-0.9.8/build-aux/missing --run autoconf'
AUTOHEADER='${SHELL} /vagrant/deps/check-0.9.8/build-aux/missing --run autoheader'
AUTOMAKE='${SHELL} /vagrant/deps/check-0.9.8/build-aux/missing --run automake-1.10'
AWK='mawk'
CC='gcc'
CCDEPMODE='depmode=gcc3'
CFLAGS='-g -O2 -Wall -ansi -pedantic -Wextra -Wstrict-prototypes -Wmissing-prototypes -Wwrite-strings -Wno-variadic-macros'
CHECK_MAJOR_VERSION='0'
CHECK_MICRO_VERSION='8'
CHECK_MINOR_VERSION='9'
CHECK_VERSION='0.9.8'
CPP='gcc -E'
CPPFLAGS=''
CYGPATH_W='echo'
DEFS='-DHAVE_CONFIG_H'
DEPDIR='.deps'
DSYMUTIL=''
DUMPBIN=''
ECHO_C=''
ECHO_N='-n'
ECHO_T=''
EGREP='/bin/grep -E'
ENABLE_GCOV_FALSE=''
ENABLE_GCOV_TRUE='#'
ENABLE_SUBUNIT='0'
EXEEXT=''
FGREP='/bin/grep -F'
GCOV='gcov'
GCOV_CFLAGS=''
GCOV_LIBS=''
GENHTML='false'
GREP='/bin/grep'
INSTALL_DATA='${INSTALL} -m 644'
INSTALL_PROGRAM='${INSTALL}'
INSTALL_SCRIPT='${INSTALL}'
INSTALL_STRIP_PROGRAM='$(install_sh) -c -s'
LCOV='false'
LD='/usr/bin/ld -m elf_x86_64'
LDFLAGS=''
LIBOBJS=''
LIBS=''
LIBTOOL='$(SHELL) $(top_builddir)/libtool'
LIPO=''
LN_S='ln -s'
LTLIBOBJS=''
MAKEINFO='${SHELL} /vagrant/deps/check-0.9.8/build-aux/missing --run makeinfo'
MKDIR_P='/bin/mkdir -p'
NM='/usr/bin/nm -B'
NMEDIT=''
NO_TIMEOUT_TESTS_FALSE=''
NO_TIMEOUT_TESTS_TRUE='#'
OBJDUMP='objdump'
OBJEXT='o'
OTOOL64=''
OTOOL=''
PACKAGE='check'
PACKAGE_BUGREPORT='check-devel at lists dot sourceforge dot net'
PACKAGE_NAME='Check'
PACKAGE_STRING='Check 0.9.8'
PACKAGE_TARNAME='check'
PACKAGE_VERSION='0.9.8'
PATH_SEPARATOR=':'
PTHREAD_CC='gcc'
PTHREAD_CFLAGS='-pthread'
PTHREAD_LIBS=''
RANLIB='ranlib'
SED='/bin/sed'
SET_MAKE=''
SHELL='/bin/bash'
STRIP='strip'
SUBUNIT_FALSE=''
SUBUNIT_TRUE='#'
TEX='false'
VERSION='0.9.8'
ac_ct_CC='gcc'
ac_ct_DUMPBIN=''
acx_pthread_config=''
am__fastdepCC_FALSE='#'
am__fastdepCC_TRUE=''
am__include='include'
am__isrc=''
am__leading_dot='.'
am__quote=''
am__tar='${AMTAR} chof - "$$tardir"'
am__untar='${AMTAR} xf -'
bindir='${exec_prefix}/bin'
build='x86_64-unknown-linux-gnu'
build_alias=''
build_cpu='x86_64'
build_os='linux-gnu'
build_vendor='unknown'
datadir='${datarootdir}'
datarootdir='${prefix}/share'
docdir='${datarootdir}/doc/${PACKAGE_TARNAME}'
dvidir='${docdir}'
exec_prefix='${prefix}'
host='x86_64-unknown-linux-gnu'
host_alias=''
host_cpu='x86_64'
host_os='linux-gnu'
host_vendor='unknown'
htmldir='${docdir}'
includedir='${prefix}/include'
infodir='${datarootdir}/info'
install_sh='$(SHELL) /vagrant/deps/check-0.9.8/build-aux/install-sh'
libdir='${exec_prefix}/lib'
libexecdir='${exec_prefix}/libexec'
localedir='${datarootdir}/locale'
localstatedir='${prefix}/var'
lt_ECHO='echo'
mandir='${datarootdir}/man'
mkdir_p='/bin/mkdir -p'
oldincludedir='/usr/include'
pdfdir='${docdir}'
prefix='/usr/local'
program_transform_name='s,x,x,'
psdir='${docdir}'
sbindir='${exec_prefix}/sbin'
sharedstatedir='${prefix}/com'
sysconfdir='${prefix}/etc'
target_alias=''

## ----------- ##
## confdefs.h. ##
## ----------- ##

#define PACKAGE_NAME "Check"
#define PACKAGE_TARNAME "check"
#define PACKAGE_VERSION "0.9.8"
#define PACKAGE_STRING "Check 0.9.8"
#define PACKAGE_BUGREPORT "check-devel at lists dot sourceforge dot net"
#define STDC_HEADERS 1
#define HAVE_SYS_TYPES_H 1
#define HAVE_SYS_STAT_H 1
#define HAVE_STDLIB_H 1
#define HAVE_STRING_H 1
#define HAVE_MEMORY_H 1
#define HAVE_STRINGS_H 1
#define HAVE_INTTYPES_H 1
#define HAVE_STDINT_H 1
#define HAVE_UNISTD_H 1
#define __EXTENSIONS__ 1
#define _ALL_SOURCE 1
#define _GNU_SOURCE 1
#define _POSIX_PTHREAD_SEMANTICS 1
#define _TANDEM_SOURCE 1
#define PACKAGE "check"
#define VERSION "0.9.8"
#define HAVE_DLFCN_H 1
#define LT_OBJDIR ".libs/"
#define STDC_HEADERS 1
#define HAVE_SYS_WAIT_H 1
#define HAVE_FCNTL_H 1
#define HAVE_STDDEF_H 1
#define HAVE_STDINT_H 1
#define HAVE_STDLIB_H 1
#define HAVE_STRING_H 1
#define HAVE_SYS_TIME_H 1
#define HAVE_UNISTD_H 1
#define ENABLE_SUBUNIT 0
#define TIME_WITH_SYS_TIME 1
#define SIZEOF_INT 4
#define SIZEOF_SHORT 2
#define SIZEOF_LONG 8
#define HAVE_STDLIB_H 1
#define HAVE_MALLOC 1
#define HAVE_STDLIB_H 1
#define HAVE_REALLOC 1
#define HAVE_FILENO 1
#define HAVE_LOCALTIME_R 1
#define HAVE_PIPE 1
#define HAVE_PUTENV 1
#define HAVE_SETENV 1
#define HAVE_SLEEP 1
#define HAVE_STRDUP 1
#define HAVE_STRSIGNAL 1
#define HAVE_UNSETENV 1
#define HAVE_DECL_FILENO 1
#define HAVE_DECL_LOCALTIME_R 0
#define HAVE_DECL_PIPE 1
#define HAVE_DECL_PUTENV 1
#define HAVE_DECL_SETENV 1
#define HAVE_DECL_SLEEP 1
#define HAVE_DECL_STRDUP 1
#define HAVE_DECL_STRSIGNAL 1
#define HAVE_DECL_UNSETENV 1
#define HAVE_PTHREAD 1

configure: exit 0
